2023-04-23 13:38:17,013 - main - <module> - line:24 - INFO - gogogog
2023-04-23 13:38:17,031 - main - <module> - line:24 - INFO - gogogog
2023-04-23 13:38:17,648 - main - <module> - line:24 - INFO - gogogog
2023-04-23 13:38:20,493 - main - <module> - line:24 - INFO - gogogog
2023-04-23 13:38:49,989 - main - <module> - line:24 - INFO - gogogogo
2023-04-23 13:38:50,073 - main - <module> - line:24 - INFO - gogogogo
2023-04-23 13:38:50,589 - main - <module> - line:24 - INFO - gogogogo
2023-04-23 13:39:06,515 - main - <module> - line:23 - INFO - gogogogo
2023-04-23 13:39:06,602 - main - <module> - line:23 - INFO - gogogogo
2023-04-23 13:39:09,628 - main - <module> - line:24 - INFO - gogogogo
2023-04-23 13:39:09,727 - main - <module> - line:24 - INFO - gogogogo
2023-04-23 13:39:14,922 - main - <module> - line:23 - INFO - gogogogo
2023-04-23 13:39:15,016 - main - <module> - line:23 - INFO - gogogogo
2023-04-23 13:39:34,119 - main - <module> - line:23 - INFO - gogogogo
2023-04-23 13:39:38,201 - main - <module> - line:23 - INFO - gogogogo
2023-04-23 13:39:38,212 - main - <module> - line:23 - INFO - gogogogo
2023-04-23 13:39:38,576 - main - <module> - line:23 - INFO - gogogogo
2023-04-23 13:46:31,049 - log - log_info - line:18 - INFO - 213132
2023-04-23 13:46:39,003 - log - log_info - line:18 - INFO - 213132
2023-04-23 13:47:02,990 - test - t2 - line:36 - INFO - 12313
2023-04-23 13:47:51,508 - log - <module> - line:16 - INFO - 21321312
2023-04-23 13:47:51,534 - log - <module> - line:16 - INFO - 21321312
2023-04-23 13:47:51,953 - log - <module> - line:16 - INFO - 21321312
2023-04-23 13:48:06,183 - log - <module> - line:16 - INFO - 21321312
2023-04-23 13:48:06,224 - log - <module> - line:16 - INFO - 21321312
2023-04-23 13:48:06,589 - log - <module> - line:16 - INFO - 21321312
2023-04-23 13:48:15,657 - log - <module> - line:16 - INFO - 21321312
2023-04-23 13:48:15,684 - log - <module> - line:16 - INFO - 21321312
2023-04-23 13:48:15,698 - log - <module> - line:16 - INFO - 21321312
2023-04-23 13:48:17,986 - log - <module> - line:16 - INFO - 21321312
2023-04-23 13:48:18,037 - log - <module> - line:16 - INFO - 21321312
2023-04-23 13:48:18,528 - log - <module> - line:16 - INFO - 21321312
2023-04-23 13:48:44,187 - test - t2 - line:36 - INFO - 213213
2023-04-23 13:48:53,238 - test - t2 - line:37 - INFO - 213213
2023-04-23 13:48:59,830 - test - t2 - line:37 - INFO - 213213
2023-04-23 13:49:18,324 - log - <module> - line:16 - INFO - server logger
2023-04-23 13:49:18,409 - log - <module> - line:16 - INFO - server logger
2023-04-23 13:49:18,746 - log - <module> - line:16 - INFO - server logger
2023-04-23 13:49:36,740 - log - <module> - line:16 - INFO - server logger
2023-04-23 13:49:36,858 - log - <module> - line:16 - INFO - server logger
2023-04-23 13:49:36,873 - log - <module> - line:16 - INFO - server logger
2023-04-23 13:49:39,766 - log - <module> - line:16 - INFO - server logger
2023-04-23 13:49:39,865 - log - <module> - line:16 - INFO - server logger
2023-04-23 13:49:40,224 - log - <module> - line:16 - INFO - server logger
2023-04-23 13:49:41,076 - test - t2 - line:38 - INFO - 213213
2023-04-23 13:50:07,698 - log - <module> - line:16 - INFO - server logger
2023-04-23 13:50:10,401 - test - t2 - line:38 - INFO - 213213
2023-04-23 13:50:57,151 - log - <module> - line:16 - INFO - server logger
2023-04-23 13:50:57,244 - log - <module> - line:16 - INFO - server logger
2023-04-23 13:50:57,565 - log - <module> - line:16 - INFO - server logger
2023-04-23 13:54:13,915 - log - <module> - line:16 - INFO - server logger
2023-04-23 13:54:21,264 - test - t2 - line:38 - INFO - 213213
2023-04-23 13:54:28,278 - test - t2 - line:38 - INFO - 213213
2023-04-23 13:59:45,450 - test - t1 - line:25 - INFO - test
2023-04-23 13:59:53,184 - test - t1 - line:25 - INFO - test
2023-04-23 14:01:26,928 - test - t1 - line:25 - INFO - test
INFO: 2023-04-23 14:02:03,879 - test - t1 - line:25 - test
INFO:         2023-04-23 14:02:13,418 - test - t1 - line:25 - test
INFO:       2023-04-23 14:02:19,569 - test - t1 - line:25 - test
INFO:     2023-04-23 14:02:26,669 - test - t1 - line:25 - test
INFO:     2023-04-23 14:03:26,198 - test - t1 - line:25 - test
INFO:     2023-04-23 14:03:26,623 - test - t1 - line:25 - test
INFO:     2023-04-23 14:03:48,573 - test - t1 - line:25 - username: test
INFO:     2023-04-23 14:04:25,060 - username: test - test - t1 - line:25
INFO:     2023-04-23 14:07:59,891 - username: test - test - t1 - line:25
INFO:     2023-04-23 14:10:25,048 - username: test - test - t1 - line:25
INFO:     2023-04-23 14:12:04,258 - username: test - test - t1 - line:25
INFO:     2023-04-23 15:26:24,777 - test - test - t1 - line:33
INFO:     2023-04-23 15:26:52,220 - test - test - t1 - line:33
INFO:     2023-04-23 15:27:01,414 - test - test - t1 - line:33
INFO:     2023-04-23 15:27:01,768 - test - test - t1 - line:33
INFO:     2023-04-23 15:27:02,117 - test - test - t1 - line:33
INFO:     2023-04-23 15:27:02,475 - test - test - t1 - line:33
INFO:     2023-04-23 15:27:02,783 - test - test - t1 - line:33
INFO:     2023-04-23 15:27:15,925 - name:test - test - t1 - line:33
INFO:     2023-04-23 16:51:04,907 - 0 - db - get_sms_code - line:50
INFO:     2023-04-23 17:10:44,196 - {'status': 'error', 'code': 406, 'msg': 'Project ID cannot be empty'} - user - get_sms_code - line:20
INFO:     2023-04-23 17:13:08,371 - error - user - get_sms_code - line:22
INFO:     2023-04-23 17:16:33,376 - success - user - get_sms_code - line:22
INFO:     2023-04-23 18:04:35,416 - 1 - db - get_sms_code - line:49
INFO:     2023-04-23 18:05:14,514 - 2 - db - get_sms_code - line:49
INFO:     2023-04-23 18:05:19,013 - 3 - db - get_sms_code - line:49
INFO:     2023-04-23 18:05:51,425 - 4 - db - get_sms_code - line:49
INFO:     2023-04-23 18:05:51,434 - 1 - user - get_sms_code - line:19
INFO:     2023-04-23 18:06:38,492 - 5 - db - get_sms_code - line:49
INFO:     2023-04-23 18:06:38,502 - 1 - user - get_sms_code - line:19
INFO:     2023-04-23 18:06:40,738 - 6 - db - get_sms_code - line:49
INFO:     2023-04-23 18:06:40,748 - 1 - user - get_sms_code - line:19
INFO:     2023-04-23 18:06:57,935 - 1682244357 - db - get_sms_code - line:43
INFO:     2023-04-23 18:06:57,998 - 7 - db - get_sms_code - line:50
INFO:     2023-04-23 18:06:58,006 - 1 - user - get_sms_code - line:19
INFO:     2023-04-23 18:08:25,916 - 1682244445 - db - get_sms_code - line:43
INFO:     2023-04-23 18:08:25,980 - SELECT sms_code.id, sms_code.mobile, sms_code.code, sms_code.is_valid, sms_code.create_at 
FROM sms_code 
WHERE sms_code.mobile = :mobile_1 - db - get_sms_code - line:50
INFO:     2023-04-23 18:08:25,982 - 8 - db - get_sms_code - line:51
INFO:     2023-04-23 18:08:25,989 - 1 - user - get_sms_code - line:19
INFO:     2023-04-23 18:09:52,778 - 1682244532 - db - get_sms_code - line:43
INFO:     2023-04-23 18:09:52,857 - SELECT sms_code.id, sms_code.mobile, sms_code.code, sms_code.is_valid, sms_code.create_at 
FROM sms_code 
WHERE sms_code.mobile = :mobile_1 AND sms_code.is_valid = :is_valid_1 AND sms_code.create_at > :create_at_1 - db - get_sms_code - line:50
INFO:     2023-04-23 18:09:52,859 - 0 - db - get_sms_code - line:51
INFO:     2023-04-23 18:09:52,869 - 1 - user - get_sms_code - line:19
INFO:     2023-04-23 18:10:02,265 - 1682244542 - db - get_sms_code - line:43
INFO:     2023-04-23 18:10:02,270 - SELECT sms_code.id, sms_code.mobile, sms_code.code, sms_code.is_valid, sms_code.create_at 
FROM sms_code 
WHERE sms_code.mobile = :mobile_1 AND sms_code.is_valid = :is_valid_1 AND sms_code.create_at > :create_at_1 - db - get_sms_code - line:50
INFO:     2023-04-23 18:10:02,272 - 0 - db - get_sms_code - line:51
INFO:     2023-04-23 18:10:02,281 - 1 - user - get_sms_code - line:19
INFO:     2023-04-23 18:10:32,778 - 1682244572 - db - get_sms_code - line:43
INFO:     2023-04-23 18:10:32,860 - SELECT sms_code.id, sms_code.mobile, sms_code.code, sms_code.is_valid, sms_code.create_at 
FROM sms_code 
WHERE sms_code.mobile = :mobile_1 AND sms_code.is_valid = :is_valid_1 AND sms_code.create_at > :create_at_1 - db - get_sms_code - line:49
INFO:     2023-04-23 18:10:32,871 - 1 - user - get_sms_code - line:19
INFO:     2023-04-23 18:11:19,712 - 1682244619 - db - get_sms_code - line:43
INFO:     2023-04-23 18:11:19,799 - 0 - db - get_sms_code - line:49
INFO:     2023-04-23 18:11:19,809 - 1 - user - get_sms_code - line:19
INFO:     2023-04-23 18:12:42,510 - 1682244702 - db - get_sms_code - line:43
INFO:     2023-04-23 18:12:42,722 - 0 - db - get_sms_code - line:48
INFO:     2023-04-23 18:12:42,731 - 1 - user - get_sms_code - line:19
INFO:     2023-04-23 18:13:11,271 - 1682244731 - db - get_sms_code - line:43
INFO:     2023-04-23 18:13:11,372 - 14 - db - get_sms_code - line:48
INFO:     2023-04-23 18:13:11,380 - 1 - user - get_sms_code - line:19
INFO:     2023-04-23 18:14:06,891 - 1682244786 - db - get_sms_code - line:43
INFO:     2023-04-23 18:14:06,997 - 0 - db - get_sms_code - line:48
INFO:     2023-04-23 18:14:07,011 - 1 - user - get_sms_code - line:19
INFO:     2023-04-23 18:15:54,029 - 0 - db - get_sms_code - line:48
INFO:     2023-04-23 18:15:54,044 - 1 - user - get_sms_code - line:19
INFO:     2023-04-23 18:16:24,376 - 1 - db - get_sms_code - line:48
INFO:     2023-04-23 18:16:24,385 - 1 - user - get_sms_code - line:19
INFO:     2023-04-23 18:16:54,669 - 1 - db - get_sms_code - line:48
INFO:     2023-04-23 18:16:54,677 - 1 - user - get_sms_code - line:19
INFO:     2023-04-23 18:16:57,951 - 2 - db - get_sms_code - line:48
INFO:     2023-04-23 18:16:57,959 - 1 - user - get_sms_code - line:19
INFO:     2023-04-23 18:18:09,663 - 1 - user - get_sms_code - line:19
INFO:     2023-04-23 18:18:13,766 - 0 - user - get_sms_code - line:19
INFO:     2023-04-23 18:18:16,847 - 0 - user - get_sms_code - line:19
INFO:     2023-04-23 18:18:17,211 - 0 - user - get_sms_code - line:19
INFO:     2023-04-23 18:19:13,106 - 1 - user - get_sms_code - line:19
INFO:     2023-04-23 18:19:15,750 - 0 - user - get_sms_code - line:19
INFO:     2023-04-23 18:19:16,508 - 0 - user - get_sms_code - line:19
INFO:     2023-04-23 18:19:17,115 - 0 - user - get_sms_code - line:19
INFO:     2023-04-23 19:29:08,338 - 1 - user - login - line:16
INFO:     2023-04-23 19:31:28,617 - 0 - db - verify_sms_code - line:81
INFO:     2023-04-23 19:31:28,618 - 1 - user - login - line:16
INFO:     2023-04-23 19:32:21,499 - 0 - user - login - line:16
INFO:     2023-04-23 19:32:32,277 - 1 - user - login - line:16
INFO:     2023-04-23 19:43:13,719 - 0 - user - login - line:28
INFO:     2023-04-23 20:00:10,208 - 3 - user - login - line:23
INFO:     2023-04-23 20:01:14,800 - 4 - user - login - line:24
INFO:     2023-04-23 20:01:16,583 - 5 - user - login - line:24
INFO:     2023-04-23 20:01:17,431 - 6 - user - login - line:24
INFO:     2023-04-23 20:01:39,286 - 7 - user - login - line:24
INFO:     2023-04-23 20:02:05,993 - 8 - user - login - line:24
INFO:     2023-04-23 20:06:37,175 - 9 - user - login - line:24
INFO:     2023-04-23 20:06:39,284 - 10 - user - login - line:24
INFO:     2023-04-23 20:07:07,421 - 1 - user - login - line:24
